\BOOKMARK [0][-]{chapter.1}{\376\377\000N\000u\000m\000b\000e\000r\000\040\000a\000n\000d\000\040\000N\000u\000m\000e\000r\000a\000t\000i\000o\000n}{}% 1
\BOOKMARK [1][-]{section.1.1}{\376\377\000N\000u\000m\000b\000e\000r\000\040\000B\000a\000s\000e\000s}{chapter.1}% 2
\BOOKMARK [2][-]{subsection.1.1.1}{\376\377\000Q\000u\000e\000s\000t\000i\000o\000n\000s}{section.1.1}% 3
\BOOKMARK [0][-]{chapter.2}{\376\377\000F\000r\000a\000c\000t\000i\000o\000n\000\040\000a\000n\000d\000\040\000D\000e\000c\000i\000m\000a\000l\000s}{}% 4
\BOOKMARK [1][-]{section.2.1}{\376\377\000P\000e\000r\000c\000e\000n\000t\000a\000g\000e\000\040\000E\000r\000r\000o\000r\000\040\000a\000n\000d\000\040\000A\000p\000p\000r\000o\000x\000i\000m\000a\000t\000i\000o\000n}{chapter.2}% 5
\BOOKMARK [2][-]{subsection.2.1.1}{\376\377\000Q\000u\000e\000s\000t\000i\000o\000n}{section.2.1}% 6
\BOOKMARK [0][-]{chapter.3}{\376\377\000A\000l\000g\000e\000b\000r\000a}{}% 7
\BOOKMARK [1][-]{section.3.1}{\376\377\000F\000a\000c\000t\000o\000r\000i\000z\000a\000t\000i\000o\000n\000\040\000a\000n\000d\000\040\000R\000e\000m\000a\000i\000n\000d\000e\000r\000\040\000T\000h\000e\000o\000r\000e\000m}{chapter.3}% 8
\BOOKMARK [2][-]{subsection.3.1.1}{\376\377\000Q\000u\000e\000s\000t\000i\000o\000n\000s}{section.3.1}% 9
\BOOKMARK [1][-]{section.3.2}{\376\377\000I\000n\000d\000i\000c\000e\000s\000\040\000a\000n\000d\000\040\000S\000t\000a\000n\000d\000a\000r\000d\000\040\000F\000o\000r\000m}{chapter.3}% 10
\BOOKMARK [2][-]{subsection.3.2.1}{\376\377\000Q\000u\000e\000s\000t\000i\000o\000n\000s}{section.3.2}% 11
\BOOKMARK [0][-]{chapter.4}{\376\377\000G\000e\000o\000m\000e\000t\000r\000y}{}% 12
\BOOKMARK [1][-]{section.4.1}{}{chapter.4}% 13
\BOOKMARK [2][-]{subsection.4.1.1}{\376\377\000Q\000u\000e\000s\000t\000i\000o\000n\000s}{section.4.1}% 14
\BOOKMARK [0][-]{chapter.5}{\376\377\000C\000a\000l\000c\000u\000l\000u\000s}{}% 15
\BOOKMARK [1][-]{section.5.1}{\376\377\000D\000i\000f\000f\000e\000r\000e\000n\000t\000i\000a\000t\000i\000o\000n}{chapter.5}% 16
\BOOKMARK [2][-]{subsection.5.1.1}{\376\377\000Q\000u\000e\000s\000t\000i\000o\000n\000s}{section.5.1}% 17
\BOOKMARK [0][-]{chapter.6}{\376\377\000C\000o\000m\000b\000i\000n\000a\000t\000o\000r\000i\000c\000s}{}% 18
\BOOKMARK [1][-]{section.6.1}{\376\377\000C\000o\000m\000b\000i\000n\000a\000t\000i\000o\000n\000\040\000\046\000\040\000P\000e\000r\000m\000u\000t\000a\000t\000i\000o\000n}{chapter.6}% 19
\BOOKMARK [2][-]{subsection.6.1.1}{\376\377\000Q\000u\000e\000s\000t\000i\000o\000n\000s}{section.6.1}% 20
\BOOKMARK [0][-]{chapter.7}{\376\377\000S\000t\000a\000t\000i\000s\000t\000i\000c\000s}{}% 21
\BOOKMARK [1][-]{section.7.1}{\376\377\000M\000e\000a\000s\000u\000r\000e\000s\000\040\000o\000f\000\040\000C\000e\000n\000t\000r\000a\000l\000\040\000T\000e\000n\000d\000e\000n\000c\000y}{chapter.7}% 22
\BOOKMARK [2][-]{subsection.7.1.1}{\376\377\000Q\000u\000e\000s\000t\000i\000o\000n\000s}{section.7.1}% 23
